This is pdfTeX, Version 3.1415926-2.3-1.40.12 (TeX Live 2011) (format=latex 2012.5.17)  7 JAN 2013 16:02
entering extended mode
 restricted \write18 enabled.
 %&-line parsing enabled.
**ubcthesis.ins
(./ubcthesis.ins
LaTeX2e <2009/09/24>
Babel <v3.8l> and hyphenation patterns for english, dumylang, nohyphenation, ge
rman-x-2009-06-19, ngerman-x-2009-06-19, afrikaans, ancientgreek, ibycus, arabi
c, armenian, basque, bulgarian, catalan, pinyin, coptic, croatian, czech, danis
h, dutch, ukenglish, usenglishmax, esperanto, estonian, ethiopic, farsi, finnis
h, french, galician, german, ngerman, swissgerman, monogreek, greek, hungarian,
 icelandic, assamese, bengali, gujarati, hindi, kannada, malayalam, marathi, or
iya, panjabi, tamil, telugu, indonesian, interlingua, irish, italian, kurmanji,
 lao, latin, latvian, lithuanian, mongolian, mongolianlmc, bokmal, nynorsk, pol
ish, portuguese, romanian, russian, sanskrit, serbian, serbianc, slovak, sloven
ian, spanish, swedish, turkish, turkmen, ukrainian, uppersorbian, welsh, loaded
.
(/usr/share/texmf/tex/latex/base/docstrip.tex
\blockLevel=\count79
\emptyLines=\count80
\processedLines=\count81
\commentsRemoved=\count82
\commentsPassed=\count83
\codeLinesPassed=\count84
\TotalprocessedLines=\count85
\TotalcommentsRemoved=\count86
\TotalcommentsPassed=\count87
\TotalcodeLinesPassed=\count88
\NumberOfFiles=\count89
\inFile=\read1
\inputcheck=\read2
\off@0=\count90
\off@1=\count91
\off@2=\count92
\off@3=\count93
\off@4=\count94
\off@5=\count95
\off@6=\count96
\off@7=\count97
\off@8=\count98
\off@9=\count99
\off@10=\count100
\off@11=\count101
\off@12=\count102
\off@13=\count103
\off@14=\count104
\off@15=\count105
\@maxfiles=\count106
\@maxoutfiles=\count107

Utility: `docstrip' 2.5d <2005/07/29>
English documentation    <1999/03/31>

**********************************************************
* This program converts documented macro-files into fast *
* loadable files by stripping off (nearly) all comments! *
**********************************************************

********************************************************
* No Configuration file found, using default settings. *
********************************************************

)
*** Generating genthesis class file ***

Generating file(s) ./genthesis.cls 
\openout0 = `./genthesis.cls'.


Processing file ubcthesis.dtx (genthesis) -> genthesis.cls
File ubcthesis.dtx ended by \endinput.
Lines  processed: 9407
Comments removed: 5862
Comments  passed: 380
Codelines passed: 3151

*** Generating ubcthesis class file ***

Generating file(s) ./ubcthesis.cls 
\openout0 = `./ubcthesis.cls'.


Processing file ubcthesis.dtx (ubcthesis) -> ubcthesis.cls
File ubcthesis.dtx ended by \endinput.
Lines  processed: 9407
Comments removed: 5862
Comments  passed: 380
Codelines passed: 3151

*** Generating mitthesis class file ***

Generating file(s) ./mitthesis.cls 
\openout0 = `./mitthesis.cls'.


Processing file ubcthesis.dtx (mitthesis) -> mitthesis.cls
File ubcthesis.dtx ended by \endinput.
Lines  processed: 9407
Comments removed: 5862
Comments  passed: 380
Codelines passed: 3151

*** Generating ubcthesis sample files ***

Generating file(s) ./sample.bib 
\openout0 = `./sample.bib'.


Processing file ubcthesis.dtx (samplebib) -> sample.bib
File ubcthesis.dtx ended by \endinput.
Lines  processed: 9407
Comments removed: 5862
Comments  passed: 380
Codelines passed: 3151


Generating file(s) ./ubcsample.tex 
\openout0 = `./ubcsample.tex'.


Processing file ubcthesis.dtx (ubcsampletex) -> ubcsample.tex
File ubcthesis.dtx ended by \endinput.
Lines  processed: 9407
Comments removed: 5862
Comments  passed: 380
Codelines passed: 3151


Generating file(s) ./mitsample.tex 
\openout0 = `./mitsample.tex'.


Processing file ubcthesis.dtx (mitsampletex) -> mitsample.tex
File ubcthesis.dtx ended by \endinput.
Lines  processed: 9407
Comments removed: 5862
Comments  passed: 380
Codelines passed: 3151

***********************************************************
*
* To finish the installation you have to move the following
* files into a directory searched by TeX:
*
*   ubcthesis.cls
*
* To produce the documentation run the file `ubcthesis.dtx'
* through LaTeX three times:
*
* latex ubcthesis.dtx
* latex ubcthesis.dtx
* latex ubcthesis.dtx
*
* Happy Writing!
***********************************************************
Overall statistics:
Files  processed: 6
Lines  processed: 56442
Comments removed: 35172
Comments  passed: 2280
Codelines passed: 18906
 ) 
Here is how much of TeX's memory you used:
 363 strings out of 493634
 3793 string characters out of 3150862
 57808 words of memory out of 3500000
 3751 multiletter control sequences out of 15000+200000
 3640 words of font info for 14 fonts, out of 3000000 for 9000
 831 hyphenation exceptions out of 8191
 11i,0n,15p,174b,134s stack positions out of 5000i,500n,10000p,200000b,50000s

No pages of output.
